Using pre-set license
Built from '2020.3/staging' branch; Version is '2020.3.18f1 (a7d1c678663c) revision 10998214'; Using compiler version '192528614'; Build Type 'Release'
OS: 'Windows 10 Pro; OS build 19043.1237; Version 2009; 64bit' Language: 'en' Physical Memory: 8109 MB
BatchMode: 1, IsHumanControllingUs: 0, StartBugReporterOnCrash: 0, Is64bit: 1, IsPro: 0

COMMAND LINE ARGUMENTS:
C:\Program Files\Unity\Hub\Editor\2020.3.17f1\Editor\Unity.exe
-adb2
-batchMode
-noUpm
-name
AssetImportWorker0
-projectPath
C:/Users/samee/OneDrive/Desktop/unity stuff/tutorial_1.5/Tutorial 1.5
-logFile
Logs/AssetImportWorker0.log
-srvPort
54375
Successfully changed project path to: C:/Users/samee/OneDrive/Desktop/unity stuff/tutorial_1.5/Tutorial 1.5
C:/Users/samee/OneDrive/Desktop/unity stuff/tutorial_1.5/Tutorial 1.5
Using Asset Import Pipeline V2.
Refreshing native plugins compatible for Editor in 207.87 ms, found 3 plugins.
Preloading 0 native plugins for Editor in 0.00 ms.
Initialize engine version: 2020.3.18f1 (a7d1c678663c)
[Subsystems] Discovering subsystems at path C:/Program Files/Unity/Hub/Editor/2020.3.17f1/Editor/Data/Resources/UnitySubsystems
[Subsystems] Discovering subsystems at path C:/Users/samee/OneDrive/Desktop/unity stuff/tutorial_1.5/Tutorial 1.5/Assets
GfxDevice: creating device client; threaded=0
Direct3D:
    Version:  Direct3D 11.0 [level 11.1]
    Renderer: NVIDIA GeForce GTX 1050 (ID=0x1c8d)
    Vendor:   
    VRAM:     1979 MB
    Driver:   27.21.14.6140
Initialize mono
Mono path[0] = 'C:/Program Files/Unity/Hub/Editor/2020.3.17f1/Editor/Data/Managed'
Mono path[1] = 'C:/Program Files/Unity/Hub/Editor/2020.3.17f1/Editor/Data/MonoBleedingEdge/lib/mono/unityjit'
Mono config path = 'C:/Program Files/Unity/Hub/Editor/2020.3.17f1/Editor/Data/MonoBleedingEdge/etc'
Using monoOptions --debugger-agent=transport=dt_socket,embedding=1,server=y,suspend=n,address=127.0.0.1:56128
Begin MonoManager ReloadAssembly
Registering precompiled unity dll's ...
Register platform support module: C:/Program Files/Unity/Hub/Editor/2020.3.17f1/Editor/Data/PlaybackEngines/WindowsStandaloneSupport/UnityEditor.WindowsStandalone.Extensions.dll
Registered in 0.006800 seconds.
Native extension for WindowsStandalone target not found
Refreshing native plugins compatible for Editor in 140.05 ms, found 3 plugins.
Preloading 0 native plugins for Editor in 0.00 ms.
Mono: successfully reloaded assembly
- Completed reload, in  4.147 seconds
Domain Reload Profiling:
	ReloadAssembly (4148ms)
		BeginReloadAssembly (214ms)
			ExecutionOrderSort (0ms)
			DisableScriptedObjects (0ms)
			BackupInstance (0ms)
			ReleaseScriptingObjects (0ms)
			CreateAndSetChildDomain (2ms)
		EndReloadAssembly (1734ms)
			LoadAssemblies (207ms)
			RebuildTransferFunctionScriptingTraits (0ms)
			SetupTypeCache (560ms)
			ReleaseScriptCaches (0ms)
			RebuildScriptCaches (146ms)
			SetupLoadedEditorAssemblies (764ms)
				LogAssemblyErrors (0ms)
				InitializePlatformSupportModulesInManaged (14ms)
				SetLoadedEditorAssemblies (1ms)
				RefreshPlugins (140ms)
				BeforeProcessingInitializeOnLoad (61ms)
				ProcessInitializeOnLoadAttributes (426ms)
				ProcessInitializeOnLoadMethodAttributes (121ms)
				AfterProcessingInitializeOnLoad (0ms)
				EditorAssembliesLoaded (1ms)
			ExecutionOrderSort2 (0ms)
			AwakeInstancesAfterBackupRestoration (0ms)
Platform modules already initialized, skipping
Registering precompiled user dll's ...
Registered in 0.016678 seconds.
Begin MonoManager ReloadAssembly
Native extension for WindowsStandalone target not found
Refreshing native plugins compatible for Editor in 189.97 ms, found 3 plugins.
Preloading 0 native plugins for Editor in 0.00 ms.
Mono: successfully reloaded assembly
- Completed reload, in  4.622 seconds
Domain Reload Profiling:
	ReloadAssembly (4626ms)
		BeginReloadAssembly (609ms)
			ExecutionOrderSort (0ms)
			DisableScriptedObjects (22ms)
			BackupInstance (0ms)
			ReleaseScriptingObjects (0ms)
			CreateAndSetChildDomain (55ms)
		EndReloadAssembly (3744ms)
			LoadAssemblies (374ms)
			RebuildTransferFunctionScriptingTraits (0ms)
			SetupTypeCache (1309ms)
			ReleaseScriptCaches (1ms)
			RebuildScriptCaches (222ms)
			SetupLoadedEditorAssemblies (1311ms)
				LogAssemblyErrors (0ms)
				InitializePlatformSupportModulesInManaged (10ms)
				SetLoadedEditorAssemblies (1ms)
				RefreshPlugins (190ms)
				BeforeProcessingInitializeOnLoad (288ms)
				ProcessInitializeOnLoadAttributes (757ms)
				ProcessInitializeOnLoadMethodAttributes (43ms)
				AfterProcessingInitializeOnLoad (22ms)
				EditorAssembliesLoaded (0ms)
			ExecutionOrderSort2 (0ms)
			AwakeInstancesAfterBackupRestoration (22ms)
Platform modules already initialized, skipping
========================================================================
Worker process is ready to serve import requests
Launched and connected shader compiler UnityShaderCompiler.exe after 0.24 seconds
Refreshing native plugins compatible for Editor in 0.91 ms, found 3 plugins.
Preloading 0 native plugins for Editor in 0.00 ms.
Unloading 2091 Unused Serialized files (Serialized files now loaded: 0)
System memory in use before: 93.0 MB.
System memory in use after: 93.1 MB.

Unloading 26 unused Assets to reduce memory usage. Loaded Objects now: 2530.
Total: 7.623600 ms (FindLiveObjects: 0.445800 ms CreateObjectMapping: 0.246800 ms MarkObjects: 6.771900 ms  DeleteObjects: 0.156500 ms)

AssetImportParameters requested are different than current active one (requested -> active):
  custom:framework-win-MediaFoundation: 216162199b28c13a410421893ffa2e32 -> 
  custom:video-decoder-ogg-theora: a1e56fd34408186e4bbccfd4996cb3dc -> 
  custom:container-muxer-webm: aa71ff27fc2769a1b78a27578f13a17b -> 
  custom:container-demuxer-webm: 4f35f7cbe854078d1ac9338744f61a02 -> 
  custom:container-demuxer-ogg: 62fdf1f143b41e24485cea50d1cbac27 -> 
  custom:video-encoder-webm-vp8: eb34c28f22e8b96e1ab97ce403110664 -> 
  custom:video-codec-MediaFoundation-h265: 746d11721c4dcdbdad8f713fa42b33f4 -> 
  custom:video-decoder-webm-vp8: 9c59270c3fd7afecdb556c50c9e8de78 -> 
  custom:audio-decoder-ogg-vorbis: bf7c407c2cedff20999df2af8eb42d56 -> 
  custom:audio-encoder-webm-vorbis: bf7c407c2cedff20999df2af8eb42d56 -> 
========================================================================
Received Import Request.
  path: Assets
  artifactKey: Guid(00000000000000001000000000000000) Importer(815301076,1909f56bfc062723c751e8b465ee728b)
Start importing Assets using Guid(00000000000000001000000000000000) Importer(815301076,1909f56bfc062723c751e8b465ee728b)  -> (artifact id: '42d402b061de3733987d63b9cc3b64de') in 0.035193 seconds 
  Import took 0.048662 seconds .

========================================================================
Received Import Request.
  Time since last request: 8.714274 seconds.
  path: Assets/Scripts
  artifactKey: Guid(88388f94f33aacb4bb20764ff9407376) Importer(815301076,1909f56bfc062723c751e8b465ee728b)
Start importing Assets/Scripts using Guid(88388f94f33aacb4bb20764ff9407376) Importer(815301076,1909f56bfc062723c751e8b465ee728b)  -> (artifact id: '04b6839773190b4786f38bbda0989d3e') in 0.026934 seconds 
  Import took 0.042115 seconds .

========================================================================
Received Prepare
Registering precompiled user dll's ...
Registered in 0.009962 seconds.
Begin MonoManager ReloadAssembly
Native extension for WindowsStandalone target not found
Refreshing native plugins compatible for Editor in 1.50 ms, found 3 plugins.
Preloading 0 native plugins for Editor in 0.00 ms.
Mono: successfully reloaded assembly
- Completed reload, in  3.743 seconds
Domain Reload Profiling:
	ReloadAssembly (3745ms)
		BeginReloadAssembly (521ms)
			ExecutionOrderSort (0ms)
			DisableScriptedObjects (47ms)
			BackupInstance (0ms)
			ReleaseScriptingObjects (0ms)
			CreateAndSetChildDomain (159ms)
		EndReloadAssembly (2944ms)
			LoadAssemblies (368ms)
			RebuildTransferFunctionScriptingTraits (0ms)
			SetupTypeCache (1119ms)
			ReleaseScriptCaches (3ms)
			RebuildScriptCaches (223ms)
			SetupLoadedEditorAssemblies (799ms)
				LogAssemblyErrors (0ms)
				InitializePlatformSupportModulesInManaged (19ms)
				SetLoadedEditorAssemblies (2ms)
				RefreshPlugins (2ms)
				BeforeProcessingInitializeOnLoad (255ms)
				ProcessInitializeOnLoadAttributes (491ms)
				ProcessInitializeOnLoadMethodAttributes (15ms)
				AfterProcessingInitializeOnLoad (16ms)
				EditorAssembliesLoaded (0ms)
			ExecutionOrderSort2 (0ms)
			AwakeInstancesAfterBackupRestoration (25ms)
Platform modules already initialized, skipping
Refreshing native plugins compatible for Editor in 0.94 ms, found 3 plugins.
Preloading 0 native plugins for Editor in 0.00 ms.
Unloading 2081 Unused Serialized files (Serialized files now loaded: 0)
System memory in use before: 92.5 MB.
System memory in use after: 92.6 MB.

Unloading 14 unused Assets to reduce memory usage. Loaded Objects now: 2533.
Total: 7.787300 ms (FindLiveObjects: 0.553500 ms CreateObjectMapping: 0.205200 ms MarkObjects: 6.984900 ms  DeleteObjects: 0.041700 ms)

AssetImportParameters requested are different than current active one (requested -> active):
  custom:framework-win-MediaFoundation: 216162199b28c13a410421893ffa2e32 -> 
  custom:video-decoder-ogg-theora: a1e56fd34408186e4bbccfd4996cb3dc -> 
  custom:container-muxer-webm: aa71ff27fc2769a1b78a27578f13a17b -> 
  custom:container-demuxer-webm: 4f35f7cbe854078d1ac9338744f61a02 -> 
  custom:container-demuxer-ogg: 62fdf1f143b41e24485cea50d1cbac27 -> 
  custom:video-encoder-webm-vp8: eb34c28f22e8b96e1ab97ce403110664 -> 
  custom:video-codec-MediaFoundation-h265: 746d11721c4dcdbdad8f713fa42b33f4 -> 
  custom:video-decoder-webm-vp8: 9c59270c3fd7afecdb556c50c9e8de78 -> 
  custom:audio-decoder-ogg-vorbis: bf7c407c2cedff20999df2af8eb42d56 -> 
  custom:audio-encoder-webm-vorbis: bf7c407c2cedff20999df2af8eb42d56 -> 
========================================================================
Received Prepare
Registering precompiled user dll's ...
Registered in 0.009694 seconds.
Begin MonoManager ReloadAssembly
Native extension for WindowsStandalone target not found
Refreshing native plugins compatible for Editor in 1.30 ms, found 3 plugins.
Preloading 0 native plugins for Editor in 0.00 ms.
Mono: successfully reloaded assembly
- Completed reload, in  4.001 seconds
Domain Reload Profiling:
	ReloadAssembly (4002ms)
		BeginReloadAssembly (368ms)
			ExecutionOrderSort (0ms)
			DisableScriptedObjects (16ms)
			BackupInstance (0ms)
			ReleaseScriptingObjects (0ms)
			CreateAndSetChildDomain (99ms)
		EndReloadAssembly (3392ms)
			LoadAssemblies (362ms)
			RebuildTransferFunctionScriptingTraits (0ms)
			SetupTypeCache (1275ms)
			ReleaseScriptCaches (3ms)
			RebuildScriptCaches (120ms)
			SetupLoadedEditorAssemblies (1202ms)
				LogAssemblyErrors (0ms)
				InitializePlatformSupportModulesInManaged (15ms)
				SetLoadedEditorAssemblies (4ms)
				RefreshPlugins (2ms)
				BeforeProcessingInitializeOnLoad (422ms)
				ProcessInitializeOnLoadAttributes (708ms)
				ProcessInitializeOnLoadMethodAttributes (22ms)
				AfterProcessingInitializeOnLoad (29ms)
				EditorAssembliesLoaded (0ms)
			ExecutionOrderSort2 (0ms)
			AwakeInstancesAfterBackupRestoration (48ms)
Platform modules already initialized, skipping
Refreshing native plugins compatible for Editor in 2.40 ms, found 3 plugins.
Preloading 0 native plugins for Editor in 0.00 ms.
Unloading 2081 Unused Serialized files (Serialized files now loaded: 0)
System memory in use before: 92.5 MB.
System memory in use after: 92.7 MB.

Unloading 14 unused Assets to reduce memory usage. Loaded Objects now: 2536.
Total: 16.197100 ms (FindLiveObjects: 0.933600 ms CreateObjectMapping: 0.463000 ms MarkObjects: 14.711600 ms  DeleteObjects: 0.083800 ms)

AssetImportParameters requested are different than current active one (requested -> active):
  custom:framework-win-MediaFoundation: 216162199b28c13a410421893ffa2e32 -> 
  custom:video-decoder-ogg-theora: a1e56fd34408186e4bbccfd4996cb3dc -> 
  custom:container-muxer-webm: aa71ff27fc2769a1b78a27578f13a17b -> 
  custom:container-demuxer-webm: 4f35f7cbe854078d1ac9338744f61a02 -> 
  custom:container-demuxer-ogg: 62fdf1f143b41e24485cea50d1cbac27 -> 
  custom:video-encoder-webm-vp8: eb34c28f22e8b96e1ab97ce403110664 -> 
  custom:video-codec-MediaFoundation-h265: 746d11721c4dcdbdad8f713fa42b33f4 -> 
  custom:video-decoder-webm-vp8: 9c59270c3fd7afecdb556c50c9e8de78 -> 
  custom:audio-decoder-ogg-vorbis: bf7c407c2cedff20999df2af8eb42d56 -> 
  custom:audio-encoder-webm-vorbis: bf7c407c2cedff20999df2af8eb42d56 -> 
========================================================================
Received Prepare
Registering precompiled user dll's ...
Registered in 0.008076 seconds.
Begin MonoManager ReloadAssembly
Native extension for WindowsStandalone target not found
Refreshing native plugins compatible for Editor in 1.64 ms, found 3 plugins.
Preloading 0 native plugins for Editor in 0.00 ms.
Mono: successfully reloaded assembly
- Completed reload, in  4.161 seconds
Domain Reload Profiling:
	ReloadAssembly (4162ms)
		BeginReloadAssembly (429ms)
			ExecutionOrderSort (0ms)
			DisableScriptedObjects (30ms)
			BackupInstance (0ms)
			ReleaseScriptingObjects (0ms)
			CreateAndSetChildDomain (109ms)
		EndReloadAssembly (3461ms)
			LoadAssemblies (413ms)
			RebuildTransferFunctionScriptingTraits (0ms)
			SetupTypeCache (1256ms)
			ReleaseScriptCaches (3ms)
			RebuildScriptCaches (167ms)
			SetupLoadedEditorAssemblies (1244ms)
				LogAssemblyErrors (0ms)
				InitializePlatformSupportModulesInManaged (21ms)
				SetLoadedEditorAssemblies (2ms)
				RefreshPlugins (2ms)
				BeforeProcessingInitializeOnLoad (390ms)
				ProcessInitializeOnLoadAttributes (779ms)
				ProcessInitializeOnLoadMethodAttributes (26ms)
				AfterProcessingInitializeOnLoad (24ms)
				EditorAssembliesLoaded (0ms)
			ExecutionOrderSort2 (0ms)
			AwakeInstancesAfterBackupRestoration (45ms)
Platform modules already initialized, skipping
Refreshing native plugins compatible for Editor in 1.01 ms, found 3 plugins.
Preloading 0 native plugins for Editor in 0.00 ms.
Unloading 2081 Unused Serialized files (Serialized files now loaded: 0)
System memory in use before: 92.6 MB.
System memory in use after: 92.7 MB.

Unloading 14 unused Assets to reduce memory usage. Loaded Objects now: 2539.
Total: 11.655900 ms (FindLiveObjects: 0.649700 ms CreateObjectMapping: 0.294100 ms MarkObjects: 10.641900 ms  DeleteObjects: 0.066700 ms)

AssetImportParameters requested are different than current active one (requested -> active):
  custom:framework-win-MediaFoundation: 216162199b28c13a410421893ffa2e32 -> 
  custom:video-decoder-ogg-theora: a1e56fd34408186e4bbccfd4996cb3dc -> 
  custom:container-muxer-webm: aa71ff27fc2769a1b78a27578f13a17b -> 
  custom:container-demuxer-webm: 4f35f7cbe854078d1ac9338744f61a02 -> 
  custom:container-demuxer-ogg: 62fdf1f143b41e24485cea50d1cbac27 -> 
  custom:video-encoder-webm-vp8: eb34c28f22e8b96e1ab97ce403110664 -> 
  custom:video-codec-MediaFoundation-h265: 746d11721c4dcdbdad8f713fa42b33f4 -> 
  custom:video-decoder-webm-vp8: 9c59270c3fd7afecdb556c50c9e8de78 -> 
  custom:audio-decoder-ogg-vorbis: bf7c407c2cedff20999df2af8eb42d56 -> 
  custom:audio-encoder-webm-vorbis: bf7c407c2cedff20999df2af8eb42d56 -> 
========================================================================
Received Import Request.
  Time since last request: 65.918449 seconds.
  path: Assets/Animations
  artifactKey: Guid(beeca53b11925dd4b9c6a87e3a9d6d1a) Importer(815301076,1909f56bfc062723c751e8b465ee728b)
Start importing Assets/Animations using Guid(beeca53b11925dd4b9c6a87e3a9d6d1a) Importer(815301076,1909f56bfc062723c751e8b465ee728b)  -> (artifact id: '2a2271d9c01ead9aa2a0abbfc8e7ec5c') in 0.034431 seconds 
  Import took 0.053179 seconds .

========================================================================
Received Import Request.
  Time since last request: 31.815801 seconds.
  path: Assets/Sounds
  artifactKey: Guid(ebf7c54bd5caff948b9f1f9dcd6e9e37) Importer(815301076,1909f56bfc062723c751e8b465ee728b)
Start importing Assets/Sounds using Guid(ebf7c54bd5caff948b9f1f9dcd6e9e37) Importer(815301076,1909f56bfc062723c751e8b465ee728b)  -> (artifact id: 'da7747abc134c17919b8d9dd3844e302') in 0.025864 seconds 
  Import took 0.044713 seconds .

========================================================================
Received Import Request.
  Time since last request: 0.001853 seconds.
  path: Assets/Sounds
  artifactKey: Guid(ebf7c54bd5caff948b9f1f9dcd6e9e37) Importer(815301076,1909f56bfc062723c751e8b465ee728b)
Start importing Assets/Sounds using Guid(ebf7c54bd5caff948b9f1f9dcd6e9e37) Importer(815301076,1909f56bfc062723c751e8b465ee728b)  -> (artifact id: 'da7747abc134c17919b8d9dd3844e302') in 0.025114 seconds 
  Import took 0.042133 seconds .

========================================================================
Received Import Request.
  Time since last request: 34.352087 seconds.
  path: Assets/Sprites
  artifactKey: Guid(e68a43bbeb823424ca0c7fda6dbb0cb9) Importer(815301076,1909f56bfc062723c751e8b465ee728b)
Start importing Assets/Sprites using Guid(e68a43bbeb823424ca0c7fda6dbb0cb9) Importer(815301076,1909f56bfc062723c751e8b465ee728b)  -> (artifact id: '5cb6b0bad36575953887ff25da6123fc') in 0.032906 seconds 
  Import took 0.048031 seconds .

========================================================================
Received Import Request.
  Time since last request: 85.462958 seconds.
  path: Assets/Scripts/CatController.cs
  artifactKey: Guid(da17717dc3d431a42b5510b261bc5c36) Importer(815301076,1909f56bfc062723c751e8b465ee728b)
Start importing Assets/Scripts/CatController.cs using Guid(da17717dc3d431a42b5510b261bc5c36) Importer(815301076,1909f56bfc062723c751e8b465ee728b)  -> (artifact id: '9686c461805c0b05ca41d1cbf234138a') in 0.069621 seconds 
  Import took 0.079972 seconds .

========================================================================
Received Prepare
Registering precompiled user dll's ...
Registered in 0.009205 seconds.
Begin MonoManager ReloadAssembly
Native extension for WindowsStandalone target not found
Refreshing native plugins compatible for Editor in 1.30 ms, found 3 plugins.
Preloading 0 native plugins for Editor in 0.00 ms.
Mono: successfully reloaded assembly
- Completed reload, in  3.623 seconds
Domain Reload Profiling:
	ReloadAssembly (3625ms)
		BeginReloadAssembly (485ms)
			ExecutionOrderSort (0ms)
			DisableScriptedObjects (49ms)
			BackupInstance (0ms)
			ReleaseScriptingObjects (0ms)
			CreateAndSetChildDomain (164ms)
		EndReloadAssembly (2872ms)
			LoadAssemblies (353ms)
			RebuildTransferFunctionScriptingTraits (0ms)
			SetupTypeCache (1034ms)
			ReleaseScriptCaches (3ms)
			RebuildScriptCaches (203ms)
			SetupLoadedEditorAssemblies (844ms)
				LogAssemblyErrors (0ms)
				InitializePlatformSupportModulesInManaged (17ms)
				SetLoadedEditorAssemblies (2ms)
				RefreshPlugins (1ms)
				BeforeProcessingInitializeOnLoad (253ms)
				ProcessInitializeOnLoadAttributes (548ms)
				ProcessInitializeOnLoadMethodAttributes (12ms)
				AfterProcessingInitializeOnLoad (11ms)
				EditorAssembliesLoaded (0ms)
			ExecutionOrderSort2 (0ms)
			AwakeInstancesAfterBackupRestoration (19ms)
Platform modules already initialized, skipping
Refreshing native plugins compatible for Editor in 1.51 ms, found 3 plugins.
Preloading 0 native plugins for Editor in 0.00 ms.
Unloading 2082 Unused Serialized files (Serialized files now loaded: 0)
System memory in use before: 92.6 MB.
System memory in use after: 92.7 MB.

Unloading 14 unused Assets to reduce memory usage. Loaded Objects now: 2543.
Total: 12.518000 ms (FindLiveObjects: 0.602900 ms CreateObjectMapping: 0.272500 ms MarkObjects: 11.572600 ms  DeleteObjects: 0.066400 ms)

AssetImportParameters requested are different than current active one (requested -> active):
  custom:framework-win-MediaFoundation: 216162199b28c13a410421893ffa2e32 -> 
  custom:video-decoder-ogg-theora: a1e56fd34408186e4bbccfd4996cb3dc -> 
  custom:container-muxer-webm: aa71ff27fc2769a1b78a27578f13a17b -> 
  custom:container-demuxer-webm: 4f35f7cbe854078d1ac9338744f61a02 -> 
  custom:container-demuxer-ogg: 62fdf1f143b41e24485cea50d1cbac27 -> 
  custom:video-encoder-webm-vp8: eb34c28f22e8b96e1ab97ce403110664 -> 
  custom:video-codec-MediaFoundation-h265: 746d11721c4dcdbdad8f713fa42b33f4 -> 
  custom:video-decoder-webm-vp8: 9c59270c3fd7afecdb556c50c9e8de78 -> 
  custom:audio-decoder-ogg-vorbis: bf7c407c2cedff20999df2af8eb42d56 -> 
  custom:audio-encoder-webm-vorbis: bf7c407c2cedff20999df2af8eb42d56 -> 
========================================================================
Received Prepare
Registering precompiled user dll's ...
Registered in 0.013422 seconds.
Begin MonoManager ReloadAssembly
Native extension for WindowsStandalone target not found
Refreshing native plugins compatible for Editor in 1.59 ms, found 3 plugins.
Preloading 0 native plugins for Editor in 0.00 ms.
Mono: successfully reloaded assembly
- Completed reload, in  3.829 seconds
Domain Reload Profiling:
	ReloadAssembly (3830ms)
		BeginReloadAssembly (360ms)
			ExecutionOrderSort (0ms)
			DisableScriptedObjects (17ms)
			BackupInstance (0ms)
			ReleaseScriptingObjects (0ms)
			CreateAndSetChildDomain (103ms)
		EndReloadAssembly (3238ms)
			LoadAssemblies (326ms)
			RebuildTransferFunctionScriptingTraits (0ms)
			SetupTypeCache (1272ms)
			ReleaseScriptCaches (2ms)
			RebuildScriptCaches (156ms)
			SetupLoadedEditorAssemblies (1080ms)
				LogAssemblyErrors (0ms)
				InitializePlatformSupportModulesInManaged (20ms)
				SetLoadedEditorAssemblies (2ms)
				RefreshPlugins (2ms)
				BeforeProcessingInitializeOnLoad (366ms)
				ProcessInitializeOnLoadAttributes (649ms)
				ProcessInitializeOnLoadMethodAttributes (21ms)
				AfterProcessingInitializeOnLoad (20ms)
				EditorAssembliesLoaded (0ms)
			ExecutionOrderSort2 (0ms)
			AwakeInstancesAfterBackupRestoration (35ms)
Platform modules already initialized, skipping
Refreshing native plugins compatible for Editor in 1.72 ms, found 3 plugins.
Preloading 0 native plugins for Editor in 0.00 ms.
Unloading 2082 Unused Serialized files (Serialized files now loaded: 0)
System memory in use before: 92.6 MB.
System memory in use after: 92.7 MB.

Unloading 14 unused Assets to reduce memory usage. Loaded Objects now: 2546.
Total: 6.804700 ms (FindLiveObjects: 0.427500 ms CreateObjectMapping: 0.175200 ms MarkObjects: 6.166100 ms  DeleteObjects: 0.033700 ms)

AssetImportParameters requested are different than current active one (requested -> active):
  custom:framework-win-MediaFoundation: 216162199b28c13a410421893ffa2e32 -> 
  custom:video-decoder-ogg-theora: a1e56fd34408186e4bbccfd4996cb3dc -> 
  custom:container-muxer-webm: aa71ff27fc2769a1b78a27578f13a17b -> 
  custom:container-demuxer-webm: 4f35f7cbe854078d1ac9338744f61a02 -> 
  custom:container-demuxer-ogg: 62fdf1f143b41e24485cea50d1cbac27 -> 
  custom:video-encoder-webm-vp8: eb34c28f22e8b96e1ab97ce403110664 -> 
  custom:video-codec-MediaFoundation-h265: 746d11721c4dcdbdad8f713fa42b33f4 -> 
  custom:video-decoder-webm-vp8: 9c59270c3fd7afecdb556c50c9e8de78 -> 
  custom:audio-decoder-ogg-vorbis: bf7c407c2cedff20999df2af8eb42d56 -> 
  custom:audio-encoder-webm-vorbis: bf7c407c2cedff20999df2af8eb42d56 -> 
========================================================================
Received Import Request.
  Time since last request: 790.814739 seconds.
  path: Assets/Sprites/Dead (1).png
  artifactKey: Guid(11f10f5b9998a994880e90aced7f9bd5) Importer(815301076,1909f56bfc062723c751e8b465ee728b)
Start importing Assets/Sprites/Dead (1).png using Guid(11f10f5b9998a994880e90aced7f9bd5) Importer(815301076,1909f56bfc062723c751e8b465ee728b)  -> (artifact id: '13454c24459694e274fadee4c7332614') in 0.602064 seconds 
  Import took 0.626698 seconds .

========================================================================
Received Import Request.
  Time since last request: 0.001026 seconds.
  path: Assets/Sprites/Dead (2).png
  artifactKey: Guid(065aa75ef1bbefd449e72675153b531b) Importer(815301076,1909f56bfc062723c751e8b465ee728b)
Start importing Assets/Sprites/Dead (2).png using Guid(065aa75ef1bbefd449e72675153b531b) Importer(815301076,1909f56bfc062723c751e8b465ee728b)  -> (artifact id: '1ca3cfc2cd7ef7fd41c76848470dbd6a') in 0.102885 seconds 
  Import took 0.131491 seconds .

========================================================================
Received Import Request.
  Time since last request: 0.000663 seconds.
  path: Assets/Sprites/Dead (4).png
  artifactKey: Guid(0c0c4767df7099d419953e64165945ed) Importer(815301076,1909f56bfc062723c751e8b465ee728b)
Start importing Assets/Sprites/Dead (4).png using Guid(0c0c4767df7099d419953e64165945ed) Importer(815301076,1909f56bfc062723c751e8b465ee728b)  -> (artifact id: '99a7193fea12d55c7fab6dabbca511f0') in 0.073974 seconds 
  Import took 0.090406 seconds .

========================================================================
Received Import Request.
  Time since last request: 0.000464 seconds.
  path: Assets/Sprites/Dead (3).png
  artifactKey: Guid(28d447a9a13f19a45abd18555a037ca5) Importer(815301076,1909f56bfc062723c751e8b465ee728b)
Start importing Assets/Sprites/Dead (3).png using Guid(28d447a9a13f19a45abd18555a037ca5) Importer(815301076,1909f56bfc062723c751e8b465ee728b)  -> (artifact id: '1c409394ca5e38656cb0e02108e9732e') in 0.064433 seconds 
  Import took 0.075150 seconds .

========================================================================
Received Import Request.
  Time since last request: 3.392327 seconds.
  path: Assets/Sprites/Dead (5).png
  artifactKey: Guid(f461713d109f29749ba5a7ad228a3e14) Importer(815301076,1909f56bfc062723c751e8b465ee728b)
Start importing Assets/Sprites/Dead (5).png using Guid(f461713d109f29749ba5a7ad228a3e14) Importer(815301076,1909f56bfc062723c751e8b465ee728b)  -> (artifact id: '95ec8164ca63b8ec08b550182763faab') in 0.052945 seconds 
  Import took 0.065990 seconds .

========================================================================
Received Import Request.
  Time since last request: 2.995699 seconds.
  path: Assets/Sprites/Dead (6).png
  artifactKey: Guid(6cd254888df345c4db353182f873beae) Importer(815301076,1909f56bfc062723c751e8b465ee728b)
Start importing Assets/Sprites/Dead (6).png using Guid(6cd254888df345c4db353182f873beae) Importer(815301076,1909f56bfc062723c751e8b465ee728b)  -> (artifact id: '4ee43471697d294422143f30f2550a77') in 0.060469 seconds 
  Import took 0.075959 seconds .

========================================================================
Received Import Request.
  Time since last request: 1.433023 seconds.
  path: Assets/Sprites/Dead (7).png
  artifactKey: Guid(d74f8b5fa62fdef4fb60e1c663401df7) Importer(815301076,1909f56bfc062723c751e8b465ee728b)
Start importing Assets/Sprites/Dead (7).png using Guid(d74f8b5fa62fdef4fb60e1c663401df7) Importer(815301076,1909f56bfc062723c751e8b465ee728b)  -> (artifact id: 'c43db4a8ec4a1e1909974a1754ff5b54') in 0.055907 seconds 
  Import took 0.068700 seconds .

========================================================================
Received Import Request.
  Time since last request: 1.714214 seconds.
  path: Assets/Sprites/Dead (8).png
  artifactKey: Guid(cb7e2ea8debbf1e4f8778281ae0c57a8) Importer(815301076,1909f56bfc062723c751e8b465ee728b)
Start importing Assets/Sprites/Dead (8).png using Guid(cb7e2ea8debbf1e4f8778281ae0c57a8) Importer(815301076,1909f56bfc062723c751e8b465ee728b)  -> (artifact id: '9ed9cdb0601bb7c306ed8798b6f4ae2c') in 0.049804 seconds 
  Import took 0.064941 seconds .

========================================================================
Received Import Request.
  Time since last request: 0.002327 seconds.
  path: Assets/Sprites/Dead (8).png
  artifactKey: Guid(cb7e2ea8debbf1e4f8778281ae0c57a8) Importer(815301076,1909f56bfc062723c751e8b465ee728b)
Start importing Assets/Sprites/Dead (8).png using Guid(cb7e2ea8debbf1e4f8778281ae0c57a8) Importer(815301076,1909f56bfc062723c751e8b465ee728b)  -> (artifact id: '9ed9cdb0601bb7c306ed8798b6f4ae2c') in 0.045401 seconds 
  Import took 0.058525 seconds .

========================================================================
Received Import Request.
  Time since last request: 2.121814 seconds.
  path: Assets/Sprites/Dead (9).png
  artifactKey: Guid(90f92368233fa684a9779aaf7e2ab1f1) Importer(815301076,1909f56bfc062723c751e8b465ee728b)
Start importing Assets/Sprites/Dead (9).png using Guid(90f92368233fa684a9779aaf7e2ab1f1) Importer(815301076,1909f56bfc062723c751e8b465ee728b)  -> (artifact id: '2b2225e635a112f908b8063340892be2') in 0.057848 seconds 
  Import took 0.068555 seconds .

========================================================================
Received Import Request.
  Time since last request: 2.400879 seconds.
  path: Assets/Sprites/Dead (10).png
  artifactKey: Guid(7bf30d70e2d289d498d1854c26bc8879) Importer(815301076,1909f56bfc062723c751e8b465ee728b)
Start importing Assets/Sprites/Dead (10).png using Guid(7bf30d70e2d289d498d1854c26bc8879) Importer(815301076,1909f56bfc062723c751e8b465ee728b)  -> (artifact id: '8a48a2998d4a6462f39d63881e230792') in 0.050927 seconds 
  Import took 0.065474 seconds .

========================================================================
Received Import Request.
  Time since last request: 3.651910 seconds.
  path: Assets/Sprites/Fall (1).png
  artifactKey: Guid(88c36a069b1fd944b90b20b0be864fae) Importer(815301076,1909f56bfc062723c751e8b465ee728b)
Start importing Assets/Sprites/Fall (1).png using Guid(88c36a069b1fd944b90b20b0be864fae) Importer(815301076,1909f56bfc062723c751e8b465ee728b)  -> (artifact id: '0a7ac176dc463e5dd327de8c7e9f623f') in 0.063358 seconds 
  Import took 0.078386 seconds .

========================================================================
Received Import Request.
  Time since last request: 1.738738 seconds.
  path: Assets/Sprites/Fall (2).png
  artifactKey: Guid(15bda5636bf700c488520db336d2c83d) Importer(815301076,1909f56bfc062723c751e8b465ee728b)
Start importing Assets/Sprites/Fall (2).png using Guid(15bda5636bf700c488520db336d2c83d) Importer(815301076,1909f56bfc062723c751e8b465ee728b)  -> (artifact id: '2859b1b40841cb7a53713371ff0a641e') in 0.056211 seconds 
  Import took 0.067725 seconds .

========================================================================
Received Import Request.
  Time since last request: 1.650612 seconds.
  path: Assets/Sprites/Fall (3).png
  artifactKey: Guid(30dcea6ebca0c3d4eab67fd741ce7822) Importer(815301076,1909f56bfc062723c751e8b465ee728b)
Start importing Assets/Sprites/Fall (3).png using Guid(30dcea6ebca0c3d4eab67fd741ce7822) Importer(815301076,1909f56bfc062723c751e8b465ee728b)  -> (artifact id: '9745d2c149864af4eeb5ae72ff567682') in 0.074336 seconds 
  Import took 0.088108 seconds .

========================================================================
Received Import Request.
  Time since last request: 4.311360 seconds.
  path: Assets/Sprites/Fall (4).png
  artifactKey: Guid(9ee99ca4a64251446b38a26e17162a46) Importer(815301076,1909f56bfc062723c751e8b465ee728b)
Start importing Assets/Sprites/Fall (4).png using Guid(9ee99ca4a64251446b38a26e17162a46) Importer(815301076,1909f56bfc062723c751e8b465ee728b)  -> (artifact id: '925b7e6a77335d909a46beb5328a5b63') in 0.059645 seconds 
  Import took 0.073515 seconds .

========================================================================
Received Import Request.
  Time since last request: 1.982832 seconds.
  path: Assets/Sprites/Fall (5).png
  artifactKey: Guid(45feb4d6108402144a9327607cdf3dc1) Importer(815301076,1909f56bfc062723c751e8b465ee728b)
Start importing Assets/Sprites/Fall (5).png using Guid(45feb4d6108402144a9327607cdf3dc1) Importer(815301076,1909f56bfc062723c751e8b465ee728b)  -> (artifact id: '29954cb23e6fbeb9f790360356b18ee9') in 0.073480 seconds 
  Import took 0.088138 seconds .

========================================================================
Received Import Request.
  Time since last request: 16.979113 seconds.
  path: Assets/Sprites/Fall (6).png
  artifactKey: Guid(d97f941cbfd1a22418466a4370ba3e37) Importer(815301076,1909f56bfc062723c751e8b465ee728b)
Start importing Assets/Sprites/Fall (6).png using Guid(d97f941cbfd1a22418466a4370ba3e37) Importer(815301076,1909f56bfc062723c751e8b465ee728b)  -> (artifact id: '6e6ddee24b7dc48aa9ccbf53ba2aea92') in 0.054242 seconds 
  Import took 0.068858 seconds .

========================================================================
Received Import Request.
  Time since last request: 1.431873 seconds.
  path: Assets/Sprites/Fall (7).png
  artifactKey: Guid(0ef19e521088448478e4dc44d27ac9c2) Importer(815301076,1909f56bfc062723c751e8b465ee728b)
Start importing Assets/Sprites/Fall (7).png using Guid(0ef19e521088448478e4dc44d27ac9c2) Importer(815301076,1909f56bfc062723c751e8b465ee728b)  -> (artifact id: 'd39b7eb0d4f4c6175055ec92b86a922d') in 0.056504 seconds 
  Import took 0.068308 seconds .

========================================================================
Received Import Request.
  Time since last request: 4.040527 seconds.
  path: Assets/Sprites/Fall (8).png
  artifactKey: Guid(6dcafaab102c1144db1723c159a29049) Importer(815301076,1909f56bfc062723c751e8b465ee728b)
Start importing Assets/Sprites/Fall (8).png using Guid(6dcafaab102c1144db1723c159a29049) Importer(815301076,1909f56bfc062723c751e8b465ee728b)  -> (artifact id: '50c3d2342f869ff023f7b548cdd9f53b') in 0.048880 seconds 
  Import took 0.060361 seconds .

========================================================================
Received Import Request.
  Time since last request: 1.859376 seconds.
  path: Assets/Sprites/Hurt (1).png
  artifactKey: Guid(7c81dbcc5f792e74184e1d3fe0046859) Importer(815301076,1909f56bfc062723c751e8b465ee728b)
Start importing Assets/Sprites/Hurt (1).png using Guid(7c81dbcc5f792e74184e1d3fe0046859) Importer(815301076,1909f56bfc062723c751e8b465ee728b)  -> (artifact id: '6f143f607a531667a24fc71d97d84fc3') in 0.074580 seconds 
  Import took 0.110927 seconds .

========================================================================
Received Import Request.
  Time since last request: 1.355222 seconds.
  path: Assets/Sprites/Hurt (2).png
  artifactKey: Guid(6baacd1b95bfdc341bff9008fad4d027) Importer(815301076,1909f56bfc062723c751e8b465ee728b)
Start importing Assets/Sprites/Hurt (2).png using Guid(6baacd1b95bfdc341bff9008fad4d027) Importer(815301076,1909f56bfc062723c751e8b465ee728b)  -> (artifact id: 'f9e79df161c58365c2c6006a52c5df36') in 0.052341 seconds 
  Import took 0.066621 seconds .

========================================================================
Received Import Request.
  Time since last request: 1.459199 seconds.
  path: Assets/Sprites/Hurt (3).png
  artifactKey: Guid(d4c79d1b826ab37498321dc24c9bafb8) Importer(815301076,1909f56bfc062723c751e8b465ee728b)
Start importing Assets/Sprites/Hurt (3).png using Guid(d4c79d1b826ab37498321dc24c9bafb8) Importer(815301076,1909f56bfc062723c751e8b465ee728b)  -> (artifact id: '9c055d329d9b760468a7671ed6eb6efa') in 0.077156 seconds 
  Import took 0.096028 seconds .

========================================================================
Received Import Request.
  Time since last request: 1.302849 seconds.
  path: Assets/Sprites/Hurt (4).png
  artifactKey: Guid(ac3a6ff61e6f698488c9ce5bc574015c) Importer(815301076,1909f56bfc062723c751e8b465ee728b)
Start importing Assets/Sprites/Hurt (4).png using Guid(ac3a6ff61e6f698488c9ce5bc574015c) Importer(815301076,1909f56bfc062723c751e8b465ee728b)  -> (artifact id: 'b7a25964444bd3abe7cdd06fe06b186d') in 0.065484 seconds 
  Import took 0.082710 seconds .

========================================================================
Received Import Request.
  Time since last request: 1.284783 seconds.
  path: Assets/Sprites/Hurt (5).png
  artifactKey: Guid(53081f85c5d6ac840bfc16081ef7f691) Importer(815301076,1909f56bfc062723c751e8b465ee728b)
Start importing Assets/Sprites/Hurt (5).png using Guid(53081f85c5d6ac840bfc16081ef7f691) Importer(815301076,1909f56bfc062723c751e8b465ee728b)  -> (artifact id: '5303387fa8b9b3876166c9b174afccc0') in 0.052393 seconds 
  Import took 0.064801 seconds .

========================================================================
Received Import Request.
  Time since last request: 1.098788 seconds.
  path: Assets/Sprites/Hurt (6).png
  artifactKey: Guid(5cc251e875e9db144bee3027f209a44d) Importer(815301076,1909f56bfc062723c751e8b465ee728b)
Start importing Assets/Sprites/Hurt (6).png using Guid(5cc251e875e9db144bee3027f209a44d) Importer(815301076,1909f56bfc062723c751e8b465ee728b)  -> (artifact id: 'c1bf7731cca89712583a2c770c3a8266') in 0.044740 seconds 
  Import took 0.059302 seconds .

========================================================================
Received Import Request.
  Time since last request: 1.741698 seconds.
  path: Assets/Sprites/Hurt (7).png
  artifactKey: Guid(ac0d7a29a0ebd7944a7459d38b5d1db8) Importer(815301076,1909f56bfc062723c751e8b465ee728b)
Start importing Assets/Sprites/Hurt (7).png using Guid(ac0d7a29a0ebd7944a7459d38b5d1db8) Importer(815301076,1909f56bfc062723c751e8b465ee728b)  -> (artifact id: 'd4e1e35dbcc8a775ac5dd10d8f747866') in 0.041845 seconds 
  Import took 0.054978 seconds .

========================================================================
Received Import Request.
  Time since last request: 3.339665 seconds.
  path: Assets/Sprites/Hurt (8).png
  artifactKey: Guid(50a85fae407124540b3332cf2d754525) Importer(815301076,1909f56bfc062723c751e8b465ee728b)
Start importing Assets/Sprites/Hurt (8).png using Guid(50a85fae407124540b3332cf2d754525) Importer(815301076,1909f56bfc062723c751e8b465ee728b)  -> (artifact id: '01c72822846f96dbc8c96fe859e70cf3') in 0.062225 seconds 
  Import took 0.075769 seconds .

========================================================================
Received Import Request.
  Time since last request: 1.549757 seconds.
  path: Assets/Sprites/Hurt (9).png
  artifactKey: Guid(abc428ccc1c1edf468e36625f490e983) Importer(815301076,1909f56bfc062723c751e8b465ee728b)
Start importing Assets/Sprites/Hurt (9).png using Guid(abc428ccc1c1edf468e36625f490e983) Importer(815301076,1909f56bfc062723c751e8b465ee728b)  -> (artifact id: '94a2b5fa1526645ffcd4f21d11432650') in 0.053245 seconds 
  Import took 0.066836 seconds .

========================================================================
Received Import Request.
  Time since last request: 1.424036 seconds.
  path: Assets/Sprites/Hurt (10).png
  artifactKey: Guid(d7c69163b93ed2d42a8df7b6c6b44e0f) Importer(815301076,1909f56bfc062723c751e8b465ee728b)
Start importing Assets/Sprites/Hurt (10).png using Guid(d7c69163b93ed2d42a8df7b6c6b44e0f) Importer(815301076,1909f56bfc062723c751e8b465ee728b)  -> (artifact id: '2d8d2f9c776e6dce8f1fa23dcdae9471') in 0.086519 seconds 
  Import took 0.099680 seconds .

========================================================================
Received Import Request.
  Time since last request: 1.419415 seconds.
  path: Assets/Sprites/Idle (1).png
  artifactKey: Guid(d22b21b4e0ea4c241b9411e63aa50c19) Importer(815301076,1909f56bfc062723c751e8b465ee728b)
Start importing Assets/Sprites/Idle (1).png using Guid(d22b21b4e0ea4c241b9411e63aa50c19) Importer(815301076,1909f56bfc062723c751e8b465ee728b)  -> (artifact id: 'd982f6daa80c77896925c277d2d6789e') in 0.081911 seconds 
  Import took 0.096857 seconds .

========================================================================
Received Import Request.
  Time since last request: 1.582290 seconds.
  path: Assets/Sprites/Idle (2).png
  artifactKey: Guid(6d858aba2e0b40141b859a9ab4b55ff9) Importer(815301076,1909f56bfc062723c751e8b465ee728b)
Start importing Assets/Sprites/Idle (2).png using Guid(6d858aba2e0b40141b859a9ab4b55ff9) Importer(815301076,1909f56bfc062723c751e8b465ee728b)  -> (artifact id: '84a7ac8b2d868b2502beb56ccf589a6f') in 0.055635 seconds 
  Import took 0.067776 seconds .

========================================================================
Received Import Request.
  Time since last request: 0.006894 seconds.
  path: Assets/Sprites/Idle (2).png
  artifactKey: Guid(6d858aba2e0b40141b859a9ab4b55ff9) Importer(815301076,1909f56bfc062723c751e8b465ee728b)
Start importing Assets/Sprites/Idle (2).png using Guid(6d858aba2e0b40141b859a9ab4b55ff9) Importer(815301076,1909f56bfc062723c751e8b465ee728b)  -> (artifact id: '84a7ac8b2d868b2502beb56ccf589a6f') in 0.045796 seconds 
  Import took 0.062505 seconds .

========================================================================
Received Import Request.
  Time since last request: 8.147321 seconds.
  path: Assets/Sprites/Idle (8).png
  artifactKey: Guid(c64bc92209cf97f4eaa77d99ac27e390) Importer(815301076,1909f56bfc062723c751e8b465ee728b)
Start importing Assets/Sprites/Idle (8).png using Guid(c64bc92209cf97f4eaa77d99ac27e390) Importer(815301076,1909f56bfc062723c751e8b465ee728b)  -> (artifact id: 'a72ea6af738264e9f94af4dd8b967623') in 0.068600 seconds 
  Import took 0.080013 seconds .

========================================================================
Received Import Request.
  Time since last request: 4.793865 seconds.
  path: Assets/Sprites/Idle (3).png
  artifactKey: Guid(33788c4f194f28b4784ba6fbad4a531a) Importer(815301076,1909f56bfc062723c751e8b465ee728b)
Start importing Assets/Sprites/Idle (3).png using Guid(33788c4f194f28b4784ba6fbad4a531a) Importer(815301076,1909f56bfc062723c751e8b465ee728b)  -> (artifact id: '22362a9ae462c6548f552e1a89e2701a') in 0.054510 seconds 
  Import took 0.065260 seconds .

========================================================================
Received Import Request.
  Time since last request: 2.663938 seconds.
  path: Assets/Sprites/Idle (4).png
  artifactKey: Guid(49c33e65aa685434c87e00b9726137b0) Importer(815301076,1909f56bfc062723c751e8b465ee728b)
Start importing Assets/Sprites/Idle (4).png using Guid(49c33e65aa685434c87e00b9726137b0) Importer(815301076,1909f56bfc062723c751e8b465ee728b)  -> (artifact id: 'ff8c4216b13853339737e41735f4e0fc') in 0.057131 seconds 
  Import took 0.074569 seconds .

========================================================================
Received Import Request.
  Time since last request: 2.313913 seconds.
  path: Assets/Sprites/Idle (5).png
  artifactKey: Guid(8531cdc7079070c48b60ace92c50ab23) Importer(815301076,1909f56bfc062723c751e8b465ee728b)
Start importing Assets/Sprites/Idle (5).png using Guid(8531cdc7079070c48b60ace92c50ab23) Importer(815301076,1909f56bfc062723c751e8b465ee728b)  -> (artifact id: 'e4a7194a916efb919ee8ac1dc1acb64c') in 0.073385 seconds 
  Import took 0.084233 seconds .

========================================================================
Received Import Request.
  Time since last request: 0.001028 seconds.
  path: Assets/Sprites/Idle (5).png
  artifactKey: Guid(8531cdc7079070c48b60ace92c50ab23) Importer(815301076,1909f56bfc062723c751e8b465ee728b)
Start importing Assets/Sprites/Idle (5).png using Guid(8531cdc7079070c48b60ace92c50ab23) Importer(815301076,1909f56bfc062723c751e8b465ee728b)  -> (artifact id: 'e4a7194a916efb919ee8ac1dc1acb64c') in 0.039947 seconds 
  Import took 0.049801 seconds .

========================================================================
Received Import Request.
  Time since last request: 2.254837 seconds.
  path: Assets/Sprites/Idle (6).png
  artifactKey: Guid(1a46000e611abac45b6af2ba89d30da7) Importer(815301076,1909f56bfc062723c751e8b465ee728b)
Start importing Assets/Sprites/Idle (6).png using Guid(1a46000e611abac45b6af2ba89d30da7) Importer(815301076,1909f56bfc062723c751e8b465ee728b)  -> (artifact id: '5378096d81c13eca5093df3c07e8bdff') in 0.052776 seconds 
  Import took 0.067335 seconds .

========================================================================
Received Import Request.
  Time since last request: 2.101245 seconds.
  path: Assets/Sprites/Idle (7).png
  artifactKey: Guid(b852032b7763e3249bda4888442f3bfa) Importer(815301076,1909f56bfc062723c751e8b465ee728b)
Start importing Assets/Sprites/Idle (7).png using Guid(b852032b7763e3249bda4888442f3bfa) Importer(815301076,1909f56bfc062723c751e8b465ee728b)  -> (artifact id: '851746f87abf35167a1a50b4326a3fc1') in 0.050102 seconds 
  Import took 0.063659 seconds .

========================================================================
Received Import Request.
  Time since last request: 0.006793 seconds.
  path: Assets/Sprites/Idle (7).png
  artifactKey: Guid(b852032b7763e3249bda4888442f3bfa) Importer(815301076,1909f56bfc062723c751e8b465ee728b)
Start importing Assets/Sprites/Idle (7).png using Guid(b852032b7763e3249bda4888442f3bfa) Importer(815301076,1909f56bfc062723c751e8b465ee728b)  -> (artifact id: '851746f87abf35167a1a50b4326a3fc1') in 0.044468 seconds 
  Import took 0.054207 seconds .

========================================================================
Received Import Request.
  Time since last request: 4.718930 seconds.
  path: Assets/Sprites/Idle (9).png
  artifactKey: Guid(a5591d58fad5fbd4bb4ac1a34fad8dfc) Importer(815301076,1909f56bfc062723c751e8b465ee728b)
Start importing Assets/Sprites/Idle (9).png using Guid(a5591d58fad5fbd4bb4ac1a34fad8dfc) Importer(815301076,1909f56bfc062723c751e8b465ee728b)  -> (artifact id: '5c8be6113dce58927b295c5b60749b65') in 0.059771 seconds 
  Import took 0.074014 seconds .

========================================================================
Received Import Request.
  Time since last request: 1.370629 seconds.
  path: Assets/Sprites/Idle (10).png
  artifactKey: Guid(b5ba1d26d0ff3604f92b0a05ef9809b7) Importer(815301076,1909f56bfc062723c751e8b465ee728b)
Start importing Assets/Sprites/Idle (10).png using Guid(b5ba1d26d0ff3604f92b0a05ef9809b7) Importer(815301076,1909f56bfc062723c751e8b465ee728b)  -> (artifact id: 'cc27056077a3f4717669cdf3de7fa57c') in 0.082108 seconds 
  Import took 0.094024 seconds .

========================================================================
Received Import Request.
  Time since last request: 1.665141 seconds.
  path: Assets/Sprites/Jump (1).png
  artifactKey: Guid(dc8af168877273049823f573bdded588) Importer(815301076,1909f56bfc062723c751e8b465ee728b)
Start importing Assets/Sprites/Jump (1).png using Guid(dc8af168877273049823f573bdded588) Importer(815301076,1909f56bfc062723c751e8b465ee728b)  -> (artifact id: '29d5933e62851655cb6746284c7f1a9c') in 0.058144 seconds 
  Import took 0.071223 seconds .

========================================================================
Received Import Request.
  Time since last request: 1.887190 seconds.
  path: Assets/Sprites/Jump (2).png
  artifactKey: Guid(92bd3cafe47a0904c8cd05e4fd1505b8) Importer(815301076,1909f56bfc062723c751e8b465ee728b)
Start importing Assets/Sprites/Jump (2).png using Guid(92bd3cafe47a0904c8cd05e4fd1505b8) Importer(815301076,1909f56bfc062723c751e8b465ee728b)  -> (artifact id: 'ecd3fad74decd8c7320d4fc429dfeb2f') in 0.048394 seconds 
  Import took 0.057747 seconds .

========================================================================
Received Import Request.
  Time since last request: 1.578918 seconds.
  path: Assets/Sprites/Jump (3).png
  artifactKey: Guid(beca200dc54b80940a6d15d647d42493) Importer(815301076,1909f56bfc062723c751e8b465ee728b)
Start importing Assets/Sprites/Jump (3).png using Guid(beca200dc54b80940a6d15d647d42493) Importer(815301076,1909f56bfc062723c751e8b465ee728b)  -> (artifact id: '0902c6ba348f8ec9b3a0d24cb92d0e10') in 0.039202 seconds 
  Import took 0.050013 seconds .

========================================================================
Received Import Request.
  Time since last request: 6.005227 seconds.
  path: Assets/Sprites/Jump (4).png
  artifactKey: Guid(4399a1a71023b444e9832fd1ecb7ef2f) Importer(815301076,1909f56bfc062723c751e8b465ee728b)
Start importing Assets/Sprites/Jump (4).png using Guid(4399a1a71023b444e9832fd1ecb7ef2f) Importer(815301076,1909f56bfc062723c751e8b465ee728b)  -> (artifact id: '9d3ce6b897653fec539ae6a00d9ad525') in 0.061693 seconds 
  Import took 0.079124 seconds .

========================================================================
Received Import Request.
  Time since last request: 1.658500 seconds.
  path: Assets/Sprites/Jump (5).png
  artifactKey: Guid(f24738004e0335a459495b1ac5bfe85e) Importer(815301076,1909f56bfc062723c751e8b465ee728b)
Start importing Assets/Sprites/Jump (5).png using Guid(f24738004e0335a459495b1ac5bfe85e) Importer(815301076,1909f56bfc062723c751e8b465ee728b)  -> (artifact id: '9730660cf29d89c6b57f5999c397c628') in 0.053186 seconds 
  Import took 0.066343 seconds .

========================================================================
Received Import Request.
  Time since last request: 0.012369 seconds.
  path: Assets/Sprites/Jump (5).png
  artifactKey: Guid(f24738004e0335a459495b1ac5bfe85e) Importer(815301076,1909f56bfc062723c751e8b465ee728b)
Start importing Assets/Sprites/Jump (5).png using Guid(f24738004e0335a459495b1ac5bfe85e) Importer(815301076,1909f56bfc062723c751e8b465ee728b)  -> (artifact id: '9730660cf29d89c6b57f5999c397c628') in 0.055798 seconds 
  Import took 0.069767 seconds .

========================================================================
Received Import Request.
  Time since last request: 1.863661 seconds.
  path: Assets/Sprites/Jump (6).png
  artifactKey: Guid(de68b20ef4fe18e459fee7fb3147b7d2) Importer(815301076,1909f56bfc062723c751e8b465ee728b)
Start importing Assets/Sprites/Jump (6).png using Guid(de68b20ef4fe18e459fee7fb3147b7d2) Importer(815301076,1909f56bfc062723c751e8b465ee728b)  -> (artifact id: '86f2cbe84ac6f487f7958a1951708d99') in 0.083445 seconds 
  Import took 0.095721 seconds .

========================================================================
Received Import Request.
  Time since last request: 2.556125 seconds.
  path: Assets/Sprites/Jump (7).png
  artifactKey: Guid(008149fa26251da4cb51af44e7d45653) Importer(815301076,1909f56bfc062723c751e8b465ee728b)
Start importing Assets/Sprites/Jump (7).png using Guid(008149fa26251da4cb51af44e7d45653) Importer(815301076,1909f56bfc062723c751e8b465ee728b)  -> (artifact id: '7d94cd0fdd3e129667ac0173c8550b7a') in 0.061522 seconds 
  Import took 0.079154 seconds .

========================================================================
Received Import Request.
  Time since last request: 0.003887 seconds.
  path: Assets/Sprites/Jump (7).png
  artifactKey: Guid(008149fa26251da4cb51af44e7d45653) Importer(815301076,1909f56bfc062723c751e8b465ee728b)
Start importing Assets/Sprites/Jump (7).png using Guid(008149fa26251da4cb51af44e7d45653) Importer(815301076,1909f56bfc062723c751e8b465ee728b)  -> (artifact id: '7d94cd0fdd3e129667ac0173c8550b7a') in 0.050859 seconds 
  Import took 0.070138 seconds .

========================================================================
Received Import Request.
  Time since last request: 1.781495 seconds.
  path: Assets/Sprites/Jump (8).png
  artifactKey: Guid(e8f1218692f255047b354452a787794c) Importer(815301076,1909f56bfc062723c751e8b465ee728b)
Start importing Assets/Sprites/Jump (8).png using Guid(e8f1218692f255047b354452a787794c) Importer(815301076,1909f56bfc062723c751e8b465ee728b)  -> (artifact id: 'c20b1cbb022ea25427284975134fa50f') in 0.054429 seconds 
  Import took 0.065646 seconds .

========================================================================
Received Import Request.
  Time since last request: 1.671106 seconds.
  path: Assets/Sprites/Run (1).png
  artifactKey: Guid(ab9922c98e9cdc6439a81b9ecf2c150b) Importer(815301076,1909f56bfc062723c751e8b465ee728b)
Start importing Assets/Sprites/Run (1).png using Guid(ab9922c98e9cdc6439a81b9ecf2c150b) Importer(815301076,1909f56bfc062723c751e8b465ee728b)  -> (artifact id: '8bc13bfb6d98b472931435605bd53daa') in 0.053141 seconds 
  Import took 0.065772 seconds .

========================================================================
Received Import Request.
  Time since last request: 6.800343 seconds.
  path: Assets/Sprites/Run (2).png
  artifactKey: Guid(f3abba69646c3bd4394b41e23a76a403) Importer(815301076,1909f56bfc062723c751e8b465ee728b)
Start importing Assets/Sprites/Run (2).png using Guid(f3abba69646c3bd4394b41e23a76a403) Importer(815301076,1909f56bfc062723c751e8b465ee728b)  -> (artifact id: '0f8bea426d552b7c8efa4c9f153a0d32') in 0.058484 seconds 
  Import took 0.072848 seconds .

========================================================================
Received Import Request.
  Time since last request: 1.893358 seconds.
  path: Assets/Sprites/Run (3).png
  artifactKey: Guid(2594d9ea7a91ef44397d8603d16c3ce4) Importer(815301076,1909f56bfc062723c751e8b465ee728b)
Start importing Assets/Sprites/Run (3).png using Guid(2594d9ea7a91ef44397d8603d16c3ce4) Importer(815301076,1909f56bfc062723c751e8b465ee728b)  -> (artifact id: '91403f31e814751c55f9e03e9b75e59a') in 0.050867 seconds 
  Import took 0.066375 seconds .

========================================================================
Received Import Request.
  Time since last request: 3.373891 seconds.
  path: Assets/Sprites/Run (4).png
  artifactKey: Guid(2f89547700c1d614e8881f24eff369ea) Importer(815301076,1909f56bfc062723c751e8b465ee728b)
Start importing Assets/Sprites/Run (4).png using Guid(2f89547700c1d614e8881f24eff369ea) Importer(815301076,1909f56bfc062723c751e8b465ee728b)  -> (artifact id: 'c1ac6e1ccc42b46c4f661b591ef8b671') in 0.056359 seconds 
  Import took 0.068490 seconds .

========================================================================
Received Import Request.
  Time since last request: 1.733926 seconds.
  path: Assets/Sprites/Run (5).png
  artifactKey: Guid(4f5707ee1d7443b44b06acb039208db9) Importer(815301076,1909f56bfc062723c751e8b465ee728b)
Start importing Assets/Sprites/Run (5).png using Guid(4f5707ee1d7443b44b06acb039208db9) Importer(815301076,1909f56bfc062723c751e8b465ee728b)  -> (artifact id: '20cd5e19b76e6a469afde9e65ff7312a') in 0.076920 seconds 
  Import took 0.090342 seconds .

========================================================================
Received Import Request.
  Time since last request: 1.319109 seconds.
  path: Assets/Sprites/Run (6).png
  artifactKey: Guid(b65d5c66eec96f147ab9355d849c8b7e) Importer(815301076,1909f56bfc062723c751e8b465ee728b)
Start importing Assets/Sprites/Run (6).png using Guid(b65d5c66eec96f147ab9355d849c8b7e) Importer(815301076,1909f56bfc062723c751e8b465ee728b)  -> (artifact id: '45e102c0445f971f4a52c3d1a648b172') in 0.072150 seconds 
  Import took 0.090058 seconds .

========================================================================
Received Import Request.
  Time since last request: 1.778958 seconds.
  path: Assets/Sprites/Run (7).png
  artifactKey: Guid(adc100f649223564dbec13b79da0807a) Importer(815301076,1909f56bfc062723c751e8b465ee728b)
Start importing Assets/Sprites/Run (7).png using Guid(adc100f649223564dbec13b79da0807a) Importer(815301076,1909f56bfc062723c751e8b465ee728b)  -> (artifact id: '89ec342dca072adea0e339942382f8da') in 0.081047 seconds 
  Import took 0.100153 seconds .

========================================================================
Received Import Request.
  Time since last request: 0.011266 seconds.
  path: Assets/Sprites/Run (7).png
  artifactKey: Guid(adc100f649223564dbec13b79da0807a) Importer(815301076,1909f56bfc062723c751e8b465ee728b)
Start importing Assets/Sprites/Run (7).png using Guid(adc100f649223564dbec13b79da0807a) Importer(815301076,1909f56bfc062723c751e8b465ee728b)  -> (artifact id: '89ec342dca072adea0e339942382f8da') in 0.067995 seconds 
  Import took 0.085694 seconds .

========================================================================
Received Import Request.
  Time since last request: 6.292313 seconds.
  path: Assets/Sprites/Run (8).png
  artifactKey: Guid(cd0f5b653cdadb04aa0a9746733669ce) Importer(815301076,1909f56bfc062723c751e8b465ee728b)
Start importing Assets/Sprites/Run (8).png using Guid(cd0f5b653cdadb04aa0a9746733669ce) Importer(815301076,1909f56bfc062723c751e8b465ee728b)  -> (artifact id: 'df3d249944b693bab5d64f0e32936c3a') in 0.049232 seconds 
  Import took 0.058231 seconds .

========================================================================
Received Import Request.
  Time since last request: 1.632563 seconds.
  path: Assets/Sprites/Slide (1).png
  artifactKey: Guid(aec70cd7c8d201440a9036cafb444eb6) Importer(815301076,1909f56bfc062723c751e8b465ee728b)
Start importing Assets/Sprites/Slide (1).png using Guid(aec70cd7c8d201440a9036cafb444eb6) Importer(815301076,1909f56bfc062723c751e8b465ee728b)  -> (artifact id: 'e41f1a2b3db1de9abb720f90c9f68401') in 0.043608 seconds 
  Import took 0.055598 seconds .

========================================================================
Received Import Request.
  Time since last request: 0.013114 seconds.
  path: Assets/Sprites/Slide (1).png
  artifactKey: Guid(aec70cd7c8d201440a9036cafb444eb6) Importer(815301076,1909f56bfc062723c751e8b465ee728b)
Start importing Assets/Sprites/Slide (1).png using Guid(aec70cd7c8d201440a9036cafb444eb6) Importer(815301076,1909f56bfc062723c751e8b465ee728b)  -> (artifact id: 'e41f1a2b3db1de9abb720f90c9f68401') in 0.050505 seconds 
  Import took 0.067048 seconds .

========================================================================
Received Import Request.
  Time since last request: 1.556671 seconds.
  path: Assets/Sprites/Slide (2).png
  artifactKey: Guid(d63188dca6b6f4a418d6ea9594a76d75) Importer(815301076,1909f56bfc062723c751e8b465ee728b)
Start importing Assets/Sprites/Slide (2).png using Guid(d63188dca6b6f4a418d6ea9594a76d75) Importer(815301076,1909f56bfc062723c751e8b465ee728b)  -> (artifact id: 'e10ad76c4aa52dd46f58ef8fbb63921f') in 0.047257 seconds 
  Import took 0.063295 seconds .

========================================================================
Received Import Request.
  Time since last request: 0.008469 seconds.
  path: Assets/Sprites/Slide (2).png
  artifactKey: Guid(d63188dca6b6f4a418d6ea9594a76d75) Importer(815301076,1909f56bfc062723c751e8b465ee728b)
Start importing Assets/Sprites/Slide (2).png using Guid(d63188dca6b6f4a418d6ea9594a76d75) Importer(815301076,1909f56bfc062723c751e8b465ee728b)  -> (artifact id: 'e10ad76c4aa52dd46f58ef8fbb63921f') in 0.044206 seconds 
  Import took 0.058974 seconds .

========================================================================
Received Import Request.
  Time since last request: 1.746338 seconds.
  path: Assets/Sprites/Slide (3).png
  artifactKey: Guid(c36166488560a76499d6445aba5dad2d) Importer(815301076,1909f56bfc062723c751e8b465ee728b)
Start importing Assets/Sprites/Slide (3).png using Guid(c36166488560a76499d6445aba5dad2d) Importer(815301076,1909f56bfc062723c751e8b465ee728b)  -> (artifact id: '2bce7813b53cd0bbd5ef82af592071e5') in 0.057937 seconds 
  Import took 0.071484 seconds .

========================================================================
Received Import Request.
  Time since last request: 6.093375 seconds.
  path: Assets/Sprites/Slide (4).png
  artifactKey: Guid(cb7bf432cc6b60340974932a109b95e5) Importer(815301076,1909f56bfc062723c751e8b465ee728b)
Start importing Assets/Sprites/Slide (4).png using Guid(cb7bf432cc6b60340974932a109b95e5) Importer(815301076,1909f56bfc062723c751e8b465ee728b)  -> (artifact id: 'e63e11c294704a2870147c72a4bd1daf') in 0.051366 seconds 
  Import took 0.063855 seconds .

========================================================================
Received Import Request.
  Time since last request: 1.692904 seconds.
  path: Assets/Sprites/Slide (5).png
  artifactKey: Guid(b7fbd095fff257c47b6e26f807d07001) Importer(815301076,1909f56bfc062723c751e8b465ee728b)
Start importing Assets/Sprites/Slide (5).png using Guid(b7fbd095fff257c47b6e26f807d07001) Importer(815301076,1909f56bfc062723c751e8b465ee728b)  -> (artifact id: '5ff52b34b90ca90624d46d5db4c8f1b6') in 0.055504 seconds 
  Import took 0.068817 seconds .

========================================================================
Received Import Request.
  Time since last request: 0.009247 seconds.
  path: Assets/Sprites/Slide (5).png
  artifactKey: Guid(b7fbd095fff257c47b6e26f807d07001) Importer(815301076,1909f56bfc062723c751e8b465ee728b)
Start importing Assets/Sprites/Slide (5).png using Guid(b7fbd095fff257c47b6e26f807d07001) Importer(815301076,1909f56bfc062723c751e8b465ee728b)  -> (artifact id: '5ff52b34b90ca90624d46d5db4c8f1b6') in 0.053435 seconds 
  Import took 0.066480 seconds .

========================================================================
Received Import Request.
  Time since last request: 1.854743 seconds.
  path: Assets/Sprites/Slide (6).png
  artifactKey: Guid(f5c36ec8149ef2541b62b95ce3b81f26) Importer(815301076,1909f56bfc062723c751e8b465ee728b)
Start importing Assets/Sprites/Slide (6).png using Guid(f5c36ec8149ef2541b62b95ce3b81f26) Importer(815301076,1909f56bfc062723c751e8b465ee728b)  -> (artifact id: '89fffa401bb7ddf0a7479cc449cb1e1c') in 0.075132 seconds 
  Import took 0.085476 seconds .

========================================================================
Received Import Request.
  Time since last request: 2.401262 seconds.
  path: Assets/Sprites/Slide (7).png
  artifactKey: Guid(a6d2a86642d9d6d47821156b32daa13c) Importer(815301076,1909f56bfc062723c751e8b465ee728b)
Start importing Assets/Sprites/Slide (7).png using Guid(a6d2a86642d9d6d47821156b32daa13c) Importer(815301076,1909f56bfc062723c751e8b465ee728b)  -> (artifact id: 'b18a632d56956d50b9b035c1956d3475') in 0.059261 seconds 
  Import took 0.070924 seconds .

========================================================================
Received Import Request.
  Time since last request: 1.741290 seconds.
  path: Assets/Sprites/Slide (8).png
  artifactKey: Guid(6376338d1a2daab45b166d7564ee9ab9) Importer(815301076,1909f56bfc062723c751e8b465ee728b)
Start importing Assets/Sprites/Slide (8).png using Guid(6376338d1a2daab45b166d7564ee9ab9) Importer(815301076,1909f56bfc062723c751e8b465ee728b)  -> (artifact id: '5961e59f7b8d30c90dfdb055c04cb14a') in 0.056113 seconds 
  Import took 0.069712 seconds .

========================================================================
Received Import Request.
  Time since last request: 1.422482 seconds.
  path: Assets/Sprites/Slide (9).png
  artifactKey: Guid(036f1fa1f6cd3ba4b866c55d0350292d) Importer(815301076,1909f56bfc062723c751e8b465ee728b)
Start importing Assets/Sprites/Slide (9).png using Guid(036f1fa1f6cd3ba4b866c55d0350292d) Importer(815301076,1909f56bfc062723c751e8b465ee728b)  -> (artifact id: 'f91ac810e9071930192394bb4dba8e2e') in 0.074016 seconds 
  Import took 0.085583 seconds .

========================================================================
Received Import Request.
  Time since last request: 1.424184 seconds.
  path: Assets/Sprites/Slide (10).png
  artifactKey: Guid(b8d6b9d2ea985df47b2f70be1457825f) Importer(815301076,1909f56bfc062723c751e8b465ee728b)
Start importing Assets/Sprites/Slide (10).png using Guid(b8d6b9d2ea985df47b2f70be1457825f) Importer(815301076,1909f56bfc062723c751e8b465ee728b)  -> (artifact id: '0afdcb8773205b9d381fc096a81d23ff') in 0.047125 seconds 
  Import took 0.061176 seconds .

========================================================================
Received Import Request.
  Time since last request: 4.790517 seconds.
  path: Assets/Sprites/Walk (1).png
  artifactKey: Guid(2ce658fbb5dd4e447acbd8f88760450b) Importer(815301076,1909f56bfc062723c751e8b465ee728b)
Start importing Assets/Sprites/Walk (1).png using Guid(2ce658fbb5dd4e447acbd8f88760450b) Importer(815301076,1909f56bfc062723c751e8b465ee728b)  -> (artifact id: '6fedee48ad71ec6f15463598f9839f9f') in 0.083202 seconds 
  Import took 0.093846 seconds .

========================================================================
Received Import Request.
  Time since last request: 1.656819 seconds.
  path: Assets/Sprites/Walk (2).png
  artifactKey: Guid(b28a102449a6bff44b57f1923e6bada5) Importer(815301076,1909f56bfc062723c751e8b465ee728b)
Start importing Assets/Sprites/Walk (2).png using Guid(b28a102449a6bff44b57f1923e6bada5) Importer(815301076,1909f56bfc062723c751e8b465ee728b)  -> (artifact id: '6e76b9612143695fe9e0bd58d5e67c22') in 0.054393 seconds 
  Import took 0.069460 seconds .

========================================================================
Received Import Request.
  Time since last request: 1.549352 seconds.
  path: Assets/Sprites/Walk (3).png
  artifactKey: Guid(e75b4abe5203afc4b99fc3c5aebf5fc8) Importer(815301076,1909f56bfc062723c751e8b465ee728b)
Start importing Assets/Sprites/Walk (3).png using Guid(e75b4abe5203afc4b99fc3c5aebf5fc8) Importer(815301076,1909f56bfc062723c751e8b465ee728b)  -> (artifact id: '28246e34061a5aed3d22f85448f4c58a') in 0.052394 seconds 
  Import took 0.063943 seconds .

========================================================================
Received Import Request.
  Time since last request: 1.733764 seconds.
  path: Assets/Sprites/Walk (4).png
  artifactKey: Guid(fe215204fea646d45b3cf73e9b8ee058) Importer(815301076,1909f56bfc062723c751e8b465ee728b)
Start importing Assets/Sprites/Walk (4).png using Guid(fe215204fea646d45b3cf73e9b8ee058) Importer(815301076,1909f56bfc062723c751e8b465ee728b)  -> (artifact id: 'f61b9da4c10671383c9010a807361ac9') in 0.057277 seconds 
  Import took 0.068210 seconds .

========================================================================
Received Import Request.
  Time since last request: 1.542913 seconds.
  path: Assets/Sprites/Walk (5).png
  artifactKey: Guid(653d9857ccf3ead4fa67bd235997f335) Importer(815301076,1909f56bfc062723c751e8b465ee728b)
Start importing Assets/Sprites/Walk (5).png using Guid(653d9857ccf3ead4fa67bd235997f335) Importer(815301076,1909f56bfc062723c751e8b465ee728b)  -> (artifact id: 'e174d85e36e282f801a429ced6f112bf') in 0.054648 seconds 
  Import took 0.069064 seconds .

========================================================================
Received Import Request.
  Time since last request: 9.008141 seconds.
  path: Assets/Sprites/Walk (6).png
  artifactKey: Guid(1d8b053cccbea0d418c9745d733a2f96) Importer(815301076,1909f56bfc062723c751e8b465ee728b)
Start importing Assets/Sprites/Walk (6).png using Guid(1d8b053cccbea0d418c9745d733a2f96) Importer(815301076,1909f56bfc062723c751e8b465ee728b)  -> (artifact id: 'da424c61679501ab87fe5c9a809f9e9a') in 0.078771 seconds 
  Import took 0.094089 seconds .

========================================================================
Received Import Request.
  Time since last request: 9.229256 seconds.
  path: Assets/Sprites/Walk (7).png
  artifactKey: Guid(f53fee5fa8f02e24abc16029711f3590) Importer(815301076,1909f56bfc062723c751e8b465ee728b)
Start importing Assets/Sprites/Walk (7).png using Guid(f53fee5fa8f02e24abc16029711f3590) Importer(815301076,1909f56bfc062723c751e8b465ee728b)  -> (artifact id: '14af285e2ae566c1d2f6b64c1bbb1c66') in 0.045235 seconds 
  Import took 0.057520 seconds .

========================================================================
Received Import Request.
  Time since last request: 0.001917 seconds.
  path: Assets/Sprites/Walk (7).png
  artifactKey: Guid(f53fee5fa8f02e24abc16029711f3590) Importer(815301076,1909f56bfc062723c751e8b465ee728b)
Start importing Assets/Sprites/Walk (7).png using Guid(f53fee5fa8f02e24abc16029711f3590) Importer(815301076,1909f56bfc062723c751e8b465ee728b)  -> (artifact id: '14af285e2ae566c1d2f6b64c1bbb1c66') in 0.076966 seconds 
  Import took 0.096799 seconds .

========================================================================
Received Import Request.
  Time since last request: 1.861072 seconds.
  path: Assets/Sprites/Walk (8).png
  artifactKey: Guid(810bacaa45648d643ab6528bb19bdf9c) Importer(815301076,1909f56bfc062723c751e8b465ee728b)
Start importing Assets/Sprites/Walk (8).png using Guid(810bacaa45648d643ab6528bb19bdf9c) Importer(815301076,1909f56bfc062723c751e8b465ee728b)  -> (artifact id: '5d80cdc04794688dd35f54411dae4703') in 0.052637 seconds 
  Import took 0.067113 seconds .

========================================================================
Received Import Request.
  Time since last request: 1.913124 seconds.
  path: Assets/Sprites/Walk (9).png
  artifactKey: Guid(daaa9744fe3f5584aa60a65fee74d259) Importer(815301076,1909f56bfc062723c751e8b465ee728b)
Start importing Assets/Sprites/Walk (9).png using Guid(daaa9744fe3f5584aa60a65fee74d259) Importer(815301076,1909f56bfc062723c751e8b465ee728b)  -> (artifact id: 'bdf1f0292ec7688e98d30c7a1ce152c4') in 0.099952 seconds 
  Import took 0.146679 seconds .

========================================================================
Received Import Request.
  Time since last request: 0.010168 seconds.
  path: Assets/Sprites/Walk (9).png
  artifactKey: Guid(daaa9744fe3f5584aa60a65fee74d259) Importer(815301076,1909f56bfc062723c751e8b465ee728b)
Start importing Assets/Sprites/Walk (9).png using Guid(daaa9744fe3f5584aa60a65fee74d259) Importer(815301076,1909f56bfc062723c751e8b465ee728b)  -> (artifact id: 'bdf1f0292ec7688e98d30c7a1ce152c4') in 0.036877 seconds 
  Import took 0.049093 seconds .

========================================================================
Received Import Request.
  Time since last request: 1.526643 seconds.
  path: Assets/Sprites/Walk (10).png
  artifactKey: Guid(7c26fbcf8fadbe44287fb56fb8e6ffdb) Importer(815301076,1909f56bfc062723c751e8b465ee728b)
Start importing Assets/Sprites/Walk (10).png using Guid(7c26fbcf8fadbe44287fb56fb8e6ffdb) Importer(815301076,1909f56bfc062723c751e8b465ee728b)  -> (artifact id: '5d9faa8b672257d38a8d6f11eee3b917') in 0.085715 seconds 
  Import took 0.097382 seconds .

========================================================================
Received Prepare
Registering precompiled user dll's ...
Registered in 0.010773 seconds.
Begin MonoManager ReloadAssembly
Native extension for WindowsStandalone target not found
Refreshing native plugins compatible for Editor in 1.46 ms, found 3 plugins.
Preloading 0 native plugins for Editor in 0.00 ms.
Mono: successfully reloaded assembly
- Completed reload, in  4.105 seconds
Domain Reload Profiling:
	ReloadAssembly (4106ms)
		BeginReloadAssembly (415ms)
			ExecutionOrderSort (0ms)
			DisableScriptedObjects (29ms)
			BackupInstance (0ms)
			ReleaseScriptingObjects (0ms)
			CreateAndSetChildDomain (110ms)
		EndReloadAssembly (3407ms)
			LoadAssemblies (383ms)
			RebuildTransferFunctionScriptingTraits (0ms)
			SetupTypeCache (1307ms)
			ReleaseScriptCaches (3ms)
			RebuildScriptCaches (191ms)
			SetupLoadedEditorAssemblies (1084ms)
				LogAssemblyErrors (0ms)
				InitializePlatformSupportModulesInManaged (20ms)
				SetLoadedEditorAssemblies (2ms)
				RefreshPlugins (2ms)
				BeforeProcessingInitializeOnLoad (373ms)
				ProcessInitializeOnLoadAttributes (653ms)
				ProcessInitializeOnLoadMethodAttributes (15ms)
				AfterProcessingInitializeOnLoad (19ms)
				EditorAssembliesLoaded (0ms)
			ExecutionOrderSort2 (0ms)
			AwakeInstancesAfterBackupRestoration (31ms)
Platform modules already initialized, skipping
Refreshing native plugins compatible for Editor in 1.00 ms, found 3 plugins.
Preloading 0 native plugins for Editor in 0.00 ms.
Unloading 2082 Unused Serialized files (Serialized files now loaded: 0)
System memory in use before: 95.6 MB.
System memory in use after: 95.8 MB.

Unloading 14 unused Assets to reduce memory usage. Loaded Objects now: 2557.
Total: 7.703700 ms (FindLiveObjects: 0.399900 ms CreateObjectMapping: 0.192900 ms MarkObjects: 7.050800 ms  DeleteObjects: 0.056600 ms)

AssetImportParameters requested are different than current active one (requested -> active):
  custom:framework-win-MediaFoundation: 216162199b28c13a410421893ffa2e32 -> 
  custom:video-decoder-ogg-theora: a1e56fd34408186e4bbccfd4996cb3dc -> 
  custom:container-muxer-webm: aa71ff27fc2769a1b78a27578f13a17b -> 
  custom:container-demuxer-webm: 4f35f7cbe854078d1ac9338744f61a02 -> 
  custom:container-demuxer-ogg: 62fdf1f143b41e24485cea50d1cbac27 -> 
  custom:video-encoder-webm-vp8: eb34c28f22e8b96e1ab97ce403110664 -> 
  custom:video-codec-MediaFoundation-h265: 746d11721c4dcdbdad8f713fa42b33f4 -> 
  custom:video-decoder-webm-vp8: 9c59270c3fd7afecdb556c50c9e8de78 -> 
  custom:audio-decoder-ogg-vorbis: bf7c407c2cedff20999df2af8eb42d56 -> 
  custom:audio-encoder-webm-vorbis: bf7c407c2cedff20999df2af8eb42d56 -> 
========================================================================
Received Prepare
Registering precompiled user dll's ...
Registered in 0.005086 seconds.
Begin MonoManager ReloadAssembly
Native extension for WindowsStandalone target not found
Refreshing native plugins compatible for Editor in 0.63 ms, found 3 plugins.
Preloading 0 native plugins for Editor in 0.00 ms.
Mono: successfully reloaded assembly
- Completed reload, in  1.291 seconds
Domain Reload Profiling:
	ReloadAssembly (1291ms)
		BeginReloadAssembly (192ms)
			ExecutionOrderSort (0ms)
			DisableScriptedObjects (11ms)
			BackupInstance (0ms)
			ReleaseScriptingObjects (0ms)
			CreateAndSetChildDomain (57ms)
		EndReloadAssembly (1016ms)
			LoadAssemblies (132ms)
			RebuildTransferFunctionScriptingTraits (0ms)
			SetupTypeCache (351ms)
			ReleaseScriptCaches (1ms)
			RebuildScriptCaches (51ms)
			SetupLoadedEditorAssemblies (372ms)
				LogAssemblyErrors (0ms)
				InitializePlatformSupportModulesInManaged (5ms)
				SetLoadedEditorAssemblies (2ms)
				RefreshPlugins (1ms)
				BeforeProcessingInitializeOnLoad (117ms)
				ProcessInitializeOnLoadAttributes (231ms)
				ProcessInitializeOnLoadMethodAttributes (8ms)
				AfterProcessingInitializeOnLoad (8ms)
				EditorAssembliesLoaded (0ms)
			ExecutionOrderSort2 (0ms)
			AwakeInstancesAfterBackupRestoration (14ms)
Platform modules already initialized, skipping
Refreshing native plugins compatible for Editor in 0.62 ms, found 3 plugins.
Preloading 0 native plugins for Editor in 0.00 ms.
Unloading 2082 Unused Serialized files (Serialized files now loaded: 0)
System memory in use before: 95.7 MB.
System memory in use after: 95.8 MB.

Unloading 14 unused Assets to reduce memory usage. Loaded Objects now: 2560.
Total: 5.996900 ms (FindLiveObjects: 0.332400 ms CreateObjectMapping: 0.110800 ms MarkObjects: 5.517000 ms  DeleteObjects: 0.035200 ms)

AssetImportParameters requested are different than current active one (requested -> active):
  custom:framework-win-MediaFoundation: 216162199b28c13a410421893ffa2e32 -> 
  custom:video-decoder-ogg-theora: a1e56fd34408186e4bbccfd4996cb3dc -> 
  custom:container-muxer-webm: aa71ff27fc2769a1b78a27578f13a17b -> 
  custom:container-demuxer-webm: 4f35f7cbe854078d1ac9338744f61a02 -> 
  custom:container-demuxer-ogg: 62fdf1f143b41e24485cea50d1cbac27 -> 
  custom:video-encoder-webm-vp8: eb34c28f22e8b96e1ab97ce403110664 -> 
  custom:video-codec-MediaFoundation-h265: 746d11721c4dcdbdad8f713fa42b33f4 -> 
  custom:video-decoder-webm-vp8: 9c59270c3fd7afecdb556c50c9e8de78 -> 
  custom:audio-decoder-ogg-vorbis: bf7c407c2cedff20999df2af8eb42d56 -> 
  custom:audio-encoder-webm-vorbis: bf7c407c2cedff20999df2af8eb42d56 -> 
========================================================================
Received Prepare
Registering precompiled user dll's ...
Registered in 0.006044 seconds.
Begin MonoManager ReloadAssembly
Native extension for WindowsStandalone target not found
Refreshing native plugins compatible for Editor in 0.65 ms, found 3 plugins.
Preloading 0 native plugins for Editor in 0.00 ms.
Mono: successfully reloaded assembly
- Completed reload, in  1.404 seconds
Domain Reload Profiling:
	ReloadAssembly (1404ms)
		BeginReloadAssembly (188ms)
			ExecutionOrderSort (0ms)
			DisableScriptedObjects (10ms)
			BackupInstance (0ms)
			ReleaseScriptingObjects (0ms)
			CreateAndSetChildDomain (67ms)
		EndReloadAssembly (1109ms)
			LoadAssemblies (144ms)
			RebuildTransferFunctionScriptingTraits (0ms)
			SetupTypeCache (382ms)
			ReleaseScriptCaches (1ms)
			RebuildScriptCaches (55ms)
			SetupLoadedEditorAssemblies (399ms)
				LogAssemblyErrors (0ms)
				InitializePlatformSupportModulesInManaged (5ms)
				SetLoadedEditorAssemblies (1ms)
				RefreshPlugins (1ms)
				BeforeProcessingInitializeOnLoad (121ms)
				ProcessInitializeOnLoadAttributes (253ms)
				ProcessInitializeOnLoadMethodAttributes (9ms)
				AfterProcessingInitializeOnLoad (9ms)
				EditorAssembliesLoaded (0ms)
			ExecutionOrderSort2 (0ms)
			AwakeInstancesAfterBackupRestoration (20ms)
Platform modules already initialized, skipping
Refreshing native plugins compatible for Editor in 0.60 ms, found 3 plugins.
Preloading 0 native plugins for Editor in 0.00 ms.
Unloading 2082 Unused Serialized files (Serialized files now loaded: 0)
System memory in use before: 95.7 MB.
System memory in use after: 95.8 MB.

Unloading 14 unused Assets to reduce memory usage. Loaded Objects now: 2563.
Total: 4.447700 ms (FindLiveObjects: 0.259000 ms CreateObjectMapping: 0.103100 ms MarkObjects: 4.051100 ms  DeleteObjects: 0.033300 ms)

AssetImportParameters requested are different than current active one (requested -> active):
  custom:framework-win-MediaFoundation: 216162199b28c13a410421893ffa2e32 -> 
  custom:video-decoder-ogg-theora: a1e56fd34408186e4bbccfd4996cb3dc -> 
  custom:container-muxer-webm: aa71ff27fc2769a1b78a27578f13a17b -> 
  custom:container-demuxer-webm: 4f35f7cbe854078d1ac9338744f61a02 -> 
  custom:container-demuxer-ogg: 62fdf1f143b41e24485cea50d1cbac27 -> 
  custom:video-encoder-webm-vp8: eb34c28f22e8b96e1ab97ce403110664 -> 
  custom:video-codec-MediaFoundation-h265: 746d11721c4dcdbdad8f713fa42b33f4 -> 
  custom:video-decoder-webm-vp8: 9c59270c3fd7afecdb556c50c9e8de78 -> 
  custom:audio-decoder-ogg-vorbis: bf7c407c2cedff20999df2af8eb42d56 -> 
  custom:audio-encoder-webm-vorbis: bf7c407c2cedff20999df2af8eb42d56 -> 
========================================================================
Received Prepare
Registering precompiled user dll's ...
Registered in 0.005540 seconds.
Begin MonoManager ReloadAssembly
Native extension for WindowsStandalone target not found
Refreshing native plugins compatible for Editor in 0.66 ms, found 3 plugins.
Preloading 0 native plugins for Editor in 0.00 ms.
Mono: successfully reloaded assembly
- Completed reload, in  2.157 seconds
Domain Reload Profiling:
	ReloadAssembly (2158ms)
		BeginReloadAssembly (241ms)
			ExecutionOrderSort (0ms)
			DisableScriptedObjects (14ms)
			BackupInstance (0ms)
			ReleaseScriptingObjects (0ms)
			CreateAndSetChildDomain (74ms)
		EndReloadAssembly (1764ms)
			LoadAssemblies (210ms)
			RebuildTransferFunctionScriptingTraits (0ms)
			SetupTypeCache (640ms)
			ReleaseScriptCaches (1ms)
			RebuildScriptCaches (109ms)
			SetupLoadedEditorAssemblies (619ms)
				LogAssemblyErrors (0ms)
				InitializePlatformSupportModulesInManaged (11ms)
				SetLoadedEditorAssemblies (1ms)
				RefreshPlugins (1ms)
				BeforeProcessingInitializeOnLoad (191ms)
				ProcessInitializeOnLoadAttributes (394ms)
				ProcessInitializeOnLoadMethodAttributes (11ms)
				AfterProcessingInitializeOnLoad (11ms)
				EditorAssembliesLoaded (0ms)
			ExecutionOrderSort2 (0ms)
			AwakeInstancesAfterBackupRestoration (20ms)
Platform modules already initialized, skipping
Refreshing native plugins compatible for Editor in 0.90 ms, found 3 plugins.
Preloading 0 native plugins for Editor in 0.00 ms.
Unloading 2082 Unused Serialized files (Serialized files now loaded: 0)
System memory in use before: 95.7 MB.
System memory in use after: 95.8 MB.

Unloading 14 unused Assets to reduce memory usage. Loaded Objects now: 2566.
Total: 7.937300 ms (FindLiveObjects: 0.473800 ms CreateObjectMapping: 0.228300 ms MarkObjects: 7.200900 ms  DeleteObjects: 0.032200 ms)

AssetImportParameters requested are different than current active one (requested -> active):
  custom:framework-win-MediaFoundation: 216162199b28c13a410421893ffa2e32 -> 
  custom:video-decoder-ogg-theora: a1e56fd34408186e4bbccfd4996cb3dc -> 
  custom:container-muxer-webm: aa71ff27fc2769a1b78a27578f13a17b -> 
  custom:container-demuxer-webm: 4f35f7cbe854078d1ac9338744f61a02 -> 
  custom:container-demuxer-ogg: 62fdf1f143b41e24485cea50d1cbac27 -> 
  custom:video-encoder-webm-vp8: eb34c28f22e8b96e1ab97ce403110664 -> 
  custom:video-codec-MediaFoundation-h265: 746d11721c4dcdbdad8f713fa42b33f4 -> 
  custom:video-decoder-webm-vp8: 9c59270c3fd7afecdb556c50c9e8de78 -> 
  custom:audio-decoder-ogg-vorbis: bf7c407c2cedff20999df2af8eb42d56 -> 
  custom:audio-encoder-webm-vorbis: bf7c407c2cedff20999df2af8eb42d56 -> 
========================================================================
Received Prepare
Refreshing native plugins compatible for Editor in 4.99 ms, found 3 plugins.
Preloading 0 native plugins for Editor in 0.00 ms.
Unloading 12 Unused Serialized files (Serialized files now loaded: 0)
System memory in use before: 54.8 MB.
System memory in use after: 54.9 MB.

Unloading 12 unused Assets to reduce memory usage. Loaded Objects now: 2566.
Total: 3.987900 ms (FindLiveObjects: 0.292900 ms CreateObjectMapping: 0.096200 ms MarkObjects: 3.576000 ms  DeleteObjects: 0.021300 ms)

AssetImportParameters requested are different than current active one (requested -> active):
  custom:framework-win-MediaFoundation: 216162199b28c13a410421893ffa2e32 -> 
  custom:video-decoder-ogg-theora: a1e56fd34408186e4bbccfd4996cb3dc -> 
  custom:container-muxer-webm: aa71ff27fc2769a1b78a27578f13a17b -> 
  custom:container-demuxer-webm: 4f35f7cbe854078d1ac9338744f61a02 -> 
  custom:container-demuxer-ogg: 62fdf1f143b41e24485cea50d1cbac27 -> 
  custom:video-encoder-webm-vp8: eb34c28f22e8b96e1ab97ce403110664 -> 
  custom:video-codec-MediaFoundation-h265: 746d11721c4dcdbdad8f713fa42b33f4 -> 
  custom:video-decoder-webm-vp8: 9c59270c3fd7afecdb556c50c9e8de78 -> 
  custom:audio-decoder-ogg-vorbis: bf7c407c2cedff20999df2af8eb42d56 -> 
  custom:audio-encoder-webm-vorbis: bf7c407c2cedff20999df2af8eb42d56 -> 
AssetImportWorkerClient::OnTransportError - code=2 error=End of file
